# JRE version: OpenJDK Runtime Environment (8.0_332-b08) (build 1.8.0_332-b08)
# Java VM: OpenJDK 64-Bit Server VM (25.332-b08 mixed mode windows-amd64 compressed oops)
Heap:
 PSYoungGen      total 60416K, used 14118K [0x00000000d6800000, 0x00000000dde00000, 0x0000000100000000)
  eden space 55296K, 16% used [0x00000000d6800000,0x00000000d70ca158,0x00000000d9e00000)
  from space 5120K, 99% used [0x00000000dad00000,0x00000000db1ff930,0x00000000db200000)
  to   space 15360K, 0% used [0x00000000d9e00000,0x00000000d9e00000,0x00000000dad00000)
 ParOldGen       total 70656K, used 35683K [0x0000000083800000, 0x0000000087d00000, 0x00000000d6800000)
  object space 70656K, 50% used [0x0000000083800000,0x0000000085ad8c30,0x0000000087d00000)
 Metaspace       used 25475K, capacity 26150K, committed 26368K, reserved 1073152K
  class space    used 2898K, capacity 3054K, committed 3072K, reserved 1048576K
GC Heap History (10 events):
Event: 3.826 GC heap before
{Heap before GC invocations=7 (full 0):
 PSYoungGen      total 70656K, used 70648K [0x00000000d6800000, 0x00000000db200000, 0x0000000100000000)
  eden space 65536K, 100% used [0x00000000d6800000,0x00000000da800000,0x00000000da800000)
  from space 5120K, 99% used [0x00000000dad00000,0x00000000db1fe010,0x00000000db200000)
  to   space 5120K, 0% used [0x00000000da800000,0x00000000da800000,0x00000000dad00000)
 ParOldGen       total 86016K, used 19578K [0x0000000083800000, 0x0000000088c00000, 0x00000000d6800000)
  object space 86016K, 22% used [0x0000000083800000,0x0000000084b1ea50,0x0000000088c00000)
 Metaspace       used 18445K, capacity 18982K, committed 19200K, reserved 1067008K
  class space    used 2083K, capacity 2228K, committed 2304K, reserved 1048576K
Event: 3.836 GC heap after
Heap after GC invocations=7 (full 0):
 PSYoungGen      total 70656K, used 5097K [0x00000000d6800000, 0x00000000db200000, 0x0000000100000000)
  eden space 65536K, 0% used [0x00000000d6800000,0x00000000d6800000,0x00000000da800000)
  from space 5120K, 99% used [0x00000000da800000,0x00000000dacfa738,0x00000000dad00000)
  to   space 5120K, 0% used [0x00000000dad00000,0x00000000dad00000,0x00000000db200000)
 ParOldGen       total 86016K, used 21503K [0x0000000083800000, 0x0000000088c00000, 0x00000000d6800000)
  object space 86016K, 24% used [0x0000000083800000,0x0000000084cffe40,0x0000000088c00000)
 Metaspace       used 18445K, capacity 18982K, committed 19200K, reserved 1067008K
  class space    used 2083K, capacity 2228K, committed 2304K, reserved 1048576K
}
Event: 4.002 GC heap before
{Heap before GC invocations=8 (full 0):
 PSYoungGen      total 70656K, used 15846K [0x00000000d6800000, 0x00000000db200000, 0x0000000100000000)
  eden space 65536K, 16% used [0x00000000d6800000,0x00000000d727f348,0x00000000da800000)
  from space 5120K, 99% used [0x00000000da800000,0x00000000dacfa738,0x00000000dad00000)
  to   space 5120K, 0% used [0x00000000dad00000,0x00000000dad00000,0x00000000db200000)
 ParOldGen       total 86016K, used 21503K [0x0000000083800000, 0x0000000088c00000, 0x00000000d6800000)
  object space 86016K, 24% used [0x0000000083800000,0x0000000084cffe40,0x0000000088c00000)
 Metaspace       used 20603K, capacity 21118K, committed 21248K, reserved 1069056K
  class space    used 2360K, capacity 2492K, committed 2560K, reserved 1048576K
Event: 4.008 GC heap after
Heap after GC invocations=8 (full 0):
 PSYoungGen      total 70656K, used 3287K [0x00000000d6800000, 0x00000000db200000, 0x0000000100000000)
  eden space 65536K, 0% used [0x00000000d6800000,0x00000000d6800000,0x00000000da800000)
  from space 5120K, 64% used [0x00000000dad00000,0x00000000db035f50,0x00000000db200000)
  to   space 5120K, 0% used [0x00000000da800000,0x00000000da800000,0x00000000dad00000)
 ParOldGen       total 86016K, used 23681K [0x0000000083800000, 0x0000000088c00000, 0x00000000d6800000)
  object space 86016K, 27% used [0x0000000083800000,0x0000000084f20670,0x0000000088c00000)
 Metaspace       used 20603K, capacity 21118K, committed 21248K, reserved 1069056K
  class space    used 2360K, capacity 2492K, committed 2560K, reserved 1048576K
}
Event: 4.008 GC heap before
{Heap before GC invocations=9 (full 1):
 PSYoungGen      total 70656K, used 3287K [0x00000000d6800000, 0x00000000db200000, 0x0000000100000000)
  eden space 65536K, 0% used [0x00000000d6800000,0x00000000d6800000,0x00000000da800000)
  from space 5120K, 64% used [0x00000000dad00000,0x00000000db035f50,0x00000000db200000)
  to   space 5120K, 0% used [0x00000000da800000,0x00000000da800000,0x00000000dad00000)
 ParOldGen       total 86016K, used 23681K [0x0000000083800000, 0x0000000088c00000, 0x00000000d6800000)
  object space 86016K, 27% used [0x0000000083800000,0x0000000084f20670,0x0000000088c00000)
 Metaspace       used 20603K, capacity 21118K, committed 21248K, reserved 1069056K
  class space    used 2360K, capacity 2492K, committed 2560K, reserved 1048576K
Event: 4.058 GC heap after
Heap after GC invocations=9 (full 1):
 PSYoungGen      total 70656K, used 0K [0x00000000d6800000, 0x00000000db200000, 0x0000000100000000)
  eden space 65536K, 0% used [0x00000000d6800000,0x00000000d6800000,0x00000000da800000)
  from space 5120K, 0% used [0x00000000dad00000,0x00000000dad00000,0x00000000db200000)
  to   space 5120K, 0% used [0x00000000da800000,0x00000000da800000,0x00000000dad00000)
 ParOldGen       total 70656K, used 19883K [0x0000000083800000, 0x0000000087d00000, 0x00000000d6800000)
  object space 70656K, 28% used [0x0000000083800000,0x0000000084b6af60,0x0000000087d00000)
 Metaspace       used 20603K, capacity 21118K, committed 21248K, reserved 1069056K
  class space    used 2360K, capacity 2492K, committed 2560K, reserved 1048576K
}
Event: 4.765 GC heap before
{Heap before GC invocations=10 (full 1):
 PSYoungGen      total 70656K, used 65536K [0x00000000d6800000, 0x00000000db200000, 0x0000000100000000)
  eden space 65536K, 100% used [0x00000000d6800000,0x00000000da800000,0x00000000da800000)
  from space 5120K, 0% used [0x00000000dad00000,0x00000000dad00000,0x00000000db200000)
  to   space 5120K, 0% used [0x00000000da800000,0x00000000da800000,0x00000000dad00000)
 ParOldGen       total 70656K, used 19883K [0x0000000083800000, 0x0000000087d00000, 0x00000000d6800000)
  object space 70656K, 28% used [0x0000000083800000,0x0000000084b6af60,0x0000000087d00000)
 Metaspace       used 23381K, capacity 23934K, committed 24064K, reserved 1071104K
  class space    used 2662K, capacity 2812K, committed 2816K, reserved 1048576K
Event: 4.776 GC heap after
Heap after GC invocations=10 (full 1):
 PSYoungGen      total 70656K, used 5108K [0x00000000d6800000, 0x00000000db200000, 0x0000000100000000)
  eden space 65536K, 0% used [0x00000000d6800000,0x00000000d6800000,0x00000000da800000)
  from space 5120K, 99% used [0x00000000da800000,0x00000000dacfd3a0,0x00000000dad00000)
  to   space 5120K, 0% used [0x00000000dad00000,0x00000000dad00000,0x00000000db200000)
 ParOldGen       total 70656K, used 31505K [0x0000000083800000, 0x0000000087d00000, 0x00000000d6800000)
  object space 70656K, 44% used [0x0000000083800000,0x00000000856c4460,0x0000000087d00000)
 Metaspace       used 23381K, capacity 23934K, committed 24064K, reserved 1071104K
  class space    used 2662K, capacity 2812K, committed 2816K, reserved 1048576K
}
Event: 5.858 GC heap before
{Heap before GC invocations=11 (full 1):
 PSYoungGen      total 70656K, used 70644K [0x00000000d6800000, 0x00000000db200000, 0x0000000100000000)
  eden space 65536K, 100% used [0x00000000d6800000,0x00000000da800000,0x00000000da800000)
  from space 5120K, 99% used [0x00000000da800000,0x00000000dacfd3a0,0x00000000dad00000)
  to   space 5120K, 0% used [0x00000000dad00000,0x00000000dad00000,0x00000000db200000)
 ParOldGen       total 70656K, used 31505K [0x0000000083800000, 0x0000000087d00000, 0x00000000d6800000)
  object space 70656K, 44% used [0x0000000083800000,0x00000000856c4460,0x0000000087d00000)
 Metaspace       used 25179K, capacity 25838K, committed 26112K, reserved 1073152K
  class space    used 2863K, capacity 3018K, committed 3072K, reserved 1048576K
Event: 5.867 GC heap after
Heap after GC invocations=11 (full 1):
 PSYoungGen      total 60416K, used 5118K [0x00000000d6800000, 0x00000000dde00000, 0x0000000100000000)
  eden space 55296K, 0% used [0x00000000d6800000,0x00000000d6800000,0x00000000d9e00000)
  from space 5120K, 99% used [0x00000000dad00000,0x00000000db1ff930,0x00000000db200000)
  to   space 15360K, 0% used [0x00000000d9e00000,0x00000000d9e00000,0x00000000dad00000)
 ParOldGen       total 70656K, used 35683K [0x0000000083800000, 0x0000000087d00000, 0x00000000d6800000)
  object space 70656K, 50% used [0x0000000083800000,0x0000000085ad8c30,0x0000000087d00000)
 Metaspace       used 25179K, capacity 25838K, committed 26112K, reserved 1073152K
  class space    used 2863K, capacity 3018K, committed 3072K, reserved 1048576K
}

