# JRE version: OpenJDK Runtime Environment (8.0_332-b08) (build 1.8.0_332-b08)
# Java VM: OpenJDK 64-Bit Server VM (25.332-b08 mixed mode windows-amd64 compressed oops)
Heap:
 PSYoungGen      total 70656K, used 29931K [0x00000000d6800000, 0x00000000db200000, 0x0000000100000000)
  eden space 65536K, 37% used [0x00000000d6800000,0x00000000d8040d98,0x00000000da800000)
  from space 5120K, 99% used [0x00000000da800000,0x00000000dacfa060,0x00000000dad00000)
  to   space 5120K, 0% used [0x00000000dad00000,0x00000000dad00000,0x00000000db200000)
 ParOldGen       total 86016K, used 16054K [0x0000000083800000, 0x0000000088c00000, 0x00000000d6800000)
  object space 86016K, 18% used [0x0000000083800000,0x00000000847adb38,0x0000000088c00000)
 Metaspace       used 17021K, capacity 17442K, committed 17792K, reserved 1064960K
  class space    used 1948K, capacity 2052K, committed 2176K, reserved 1048576K
GC Heap History (10 events):
Event: 1.627 GC heap before
{Heap before GC invocations=1 (full 0):
 PSYoungGen      total 37888K, used 32768K [0x00000000d6800000, 0x00000000d9200000, 0x0000000100000000)
  eden space 32768K, 100% used [0x00000000d6800000,0x00000000d8800000,0x00000000d8800000)
  from space 5120K, 0% used [0x00000000d8d00000,0x00000000d8d00000,0x00000000d9200000)
  to   space 5120K, 0% used [0x00000000d8800000,0x00000000d8800000,0x00000000d8d00000)
 ParOldGen       total 86016K, used 0K [0x0000000083800000, 0x0000000088c00000, 0x00000000d6800000)
  object space 86016K, 0% used [0x0000000083800000,0x0000000083800000,0x0000000088c00000)
 Metaspace       used 8818K, capacity 8956K, committed 9088K, reserved 1056768K
  class space    used 1045K, capacity 1112K, committed 1152K, reserved 1048576K
Event: 1.632 GC heap after
Heap after GC invocations=1 (full 0):
 PSYoungGen      total 37888K, used 5089K [0x00000000d6800000, 0x00000000d9200000, 0x0000000100000000)
  eden space 32768K, 0% used [0x00000000d6800000,0x00000000d6800000,0x00000000d8800000)
  from space 5120K, 99% used [0x00000000d8800000,0x00000000d8cf8558,0x00000000d8d00000)
  to   space 5120K, 0% used [0x00000000d8d00000,0x00000000d8d00000,0x00000000d9200000)
 ParOldGen       total 86016K, used 352K [0x0000000083800000, 0x0000000088c00000, 0x00000000d6800000)
  object space 86016K, 0% used [0x0000000083800000,0x0000000083858018,0x0000000088c00000)
 Metaspace       used 8818K, capacity 8956K, committed 9088K, reserved 1056768K
  class space    used 1045K, capacity 1112K, committed 1152K, reserved 1048576K
}
Event: 2.024 GC heap before
{Heap before GC invocations=2 (full 0):
 PSYoungGen      total 37888K, used 37857K [0x00000000d6800000, 0x00000000d9200000, 0x0000000100000000)
  eden space 32768K, 100% used [0x00000000d6800000,0x00000000d8800000,0x00000000d8800000)
  from space 5120K, 99% used [0x00000000d8800000,0x00000000d8cf8558,0x00000000d8d00000)
  to   space 5120K, 0% used [0x00000000d8d00000,0x00000000d8d00000,0x00000000d9200000)
 ParOldGen       total 86016K, used 352K [0x0000000083800000, 0x0000000088c00000, 0x00000000d6800000)
  object space 86016K, 0% used [0x0000000083800000,0x0000000083858018,0x0000000088c00000)
 Metaspace       used 11690K, capacity 11854K, committed 12032K, reserved 1060864K
  class space    used 1400K, capacity 1478K, committed 1536K, reserved 1048576K
Event: 2.031 GC heap after
Heap after GC invocations=2 (full 0):
 PSYoungGen      total 37888K, used 5115K [0x00000000d6800000, 0x00000000db200000, 0x0000000100000000)
  eden space 32768K, 0% used [0x00000000d6800000,0x00000000d6800000,0x00000000d8800000)
  from space 5120K, 99% used [0x00000000d8d00000,0x00000000d91fee98,0x00000000d9200000)
  to   space 5120K, 0% used [0x00000000d8800000,0x00000000d8800000,0x00000000d8d00000)
 ParOldGen       total 86016K, used 2082K [0x0000000083800000, 0x0000000088c00000, 0x00000000d6800000)
  object space 86016K, 2% used [0x0000000083800000,0x0000000083a08b90,0x0000000088c00000)
 Metaspace       used 11690K, capacity 11854K, committed 12032K, reserved 1060864K
  class space    used 1400K, capacity 1478K, committed 1536K, reserved 1048576K
}
Event: 2.628 GC heap before
{Heap before GC invocations=3 (full 0):
 PSYoungGen      total 37888K, used 37883K [0x00000000d6800000, 0x00000000db200000, 0x0000000100000000)
  eden space 32768K, 100% used [0x00000000d6800000,0x00000000d8800000,0x00000000d8800000)
  from space 5120K, 99% used [0x00000000d8d00000,0x00000000d91fee98,0x00000000d9200000)
  to   space 5120K, 0% used [0x00000000d8800000,0x00000000d8800000,0x00000000d8d00000)
 ParOldGen       total 86016K, used 2082K [0x0000000083800000, 0x0000000088c00000, 0x00000000d6800000)
  object space 86016K, 2% used [0x0000000083800000,0x0000000083a08b90,0x0000000088c00000)
 Metaspace       used 15282K, capacity 15562K, committed 15872K, reserved 1062912K
  class space    used 1870K, capacity 1974K, committed 2048K, reserved 1048576K
Event: 2.638 GC heap after
Heap after GC invocations=3 (full 0):
 PSYoungGen      total 37888K, used 5112K [0x00000000d6800000, 0x00000000db200000, 0x0000000100000000)
  eden space 32768K, 0% used [0x00000000d6800000,0x00000000d6800000,0x00000000d8800000)
  from space 5120K, 99% used [0x00000000d8800000,0x00000000d8cfe010,0x00000000d8d00000)
  to   space 5120K, 0% used [0x00000000dad00000,0x00000000dad00000,0x00000000db200000)
 ParOldGen       total 86016K, used 4901K [0x0000000083800000, 0x0000000088c00000, 0x00000000d6800000)
  object space 86016K, 5% used [0x0000000083800000,0x0000000083cc95e8,0x0000000088c00000)
 Metaspace       used 15282K, capacity 15562K, committed 15872K, reserved 1062912K
  class space    used 1870K, capacity 1974K, committed 2048K, reserved 1048576K
}
Event: 3.341 GC heap before
{Heap before GC invocations=4 (full 0):
 PSYoungGen      total 37888K, used 37880K [0x00000000d6800000, 0x00000000db200000, 0x0000000100000000)
  eden space 32768K, 100% used [0x00000000d6800000,0x00000000d8800000,0x00000000d8800000)
  from space 5120K, 99% used [0x00000000d8800000,0x00000000d8cfe010,0x00000000d8d00000)
  to   space 5120K, 0% used [0x00000000dad00000,0x00000000dad00000,0x00000000db200000)
 ParOldGen       total 86016K, used 4901K [0x0000000083800000, 0x0000000088c00000, 0x00000000d6800000)
  object space 86016K, 5% used [0x0000000083800000,0x0000000083cc95e8,0x0000000088c00000)
 Metaspace       used 16247K, capacity 16546K, committed 16640K, reserved 1064960K
  class space    used 1931K, capacity 2042K, committed 2048K, reserved 1048576K
Event: 3.359 GC heap after
Heap after GC invocations=4 (full 0):
 PSYoungGen      total 70656K, used 5096K [0x00000000d6800000, 0x00000000db200000, 0x0000000100000000)
  eden space 65536K, 0% used [0x00000000d6800000,0x00000000d6800000,0x00000000da800000)
  from space 5120K, 99% used [0x00000000dad00000,0x00000000db1fa060,0x00000000db200000)
  to   space 5120K, 0% used [0x00000000da800000,0x00000000da800000,0x00000000dad00000)
 ParOldGen       total 86016K, used 9153K [0x0000000083800000, 0x0000000088c00000, 0x00000000d6800000)
  object space 86016K, 10% used [0x0000000083800000,0x00000000840f0568,0x0000000088c00000)
 Metaspace       used 16247K, capacity 16546K, committed 16640K, reserved 1064960K
  class space    used 1931K, capacity 2042K, committed 2048K, reserved 1048576K
}
Event: 4.513 GC heap before
{Heap before GC invocations=5 (full 0):
 PSYoungGen      total 70656K, used 70632K [0x00000000d6800000, 0x00000000db200000, 0x0000000100000000)
  eden space 65536K, 100% used [0x00000000d6800000,0x00000000da800000,0x00000000da800000)
  from space 5120K, 99% used [0x00000000dad00000,0x00000000db1fa060,0x00000000db200000)
  to   space 5120K, 0% used [0x00000000da800000,0x00000000da800000,0x00000000dad00000)
 ParOldGen       total 86016K, used 9153K [0x0000000083800000, 0x0000000088c00000, 0x00000000d6800000)
  object space 86016K, 10% used [0x0000000083800000,0x00000000840f0568,0x0000000088c00000)
 Metaspace       used 16808K, capacity 17174K, committed 17536K, reserved 1064960K
  class space    used 1938K, capacity 2050K, committed 2176K, reserved 1048576K
Event: 4.534 GC heap after
Heap after GC invocations=5 (full 0):
 PSYoungGen      total 70656K, used 5096K [0x00000000d6800000, 0x00000000db200000, 0x0000000100000000)
  eden space 65536K, 0% used [0x00000000d6800000,0x00000000d6800000,0x00000000da800000)
  from space 5120K, 99% used [0x00000000da800000,0x00000000dacfa060,0x00000000dad00000)
  to   space 5120K, 0% used [0x00000000dad00000,0x00000000dad00000,0x00000000db200000)
 ParOldGen       total 86016K, used 16054K [0x0000000083800000, 0x0000000088c00000, 0x00000000d6800000)
  object space 86016K, 18% used [0x0000000083800000,0x00000000847adb38,0x0000000088c00000)
 Metaspace       used 16808K, capacity 17174K, committed 17536K, reserved 1064960K
  class space    used 1938K, capacity 2050K, committed 2176K, reserved 1048576K
}

