# JRE version: OpenJDK Runtime Environment (8.0_332-b08) (build 1.8.0_332-b08)
# Java VM: OpenJDK 64-Bit Server VM (25.332-b08 mixed mode windows-amd64 compressed oops)
Heap:
 PSYoungGen      total 70656K, used 26115K [0x00000000d6800000, 0x00000000dd500000, 0x0000000100000000)
  eden space 65536K, 32% used [0x00000000d6800000,0x00000000d7c86da0,0x00000000da800000)
  from space 5120K, 99% used [0x00000000da800000,0x00000000dacfa1b8,0x00000000dad00000)
  to   space 5120K, 0% used [0x00000000dad00000,0x00000000dad00000,0x00000000db200000)
 ParOldGen       total 61440K, used 14766K [0x0000000083800000, 0x0000000087400000, 0x00000000d6800000)
  object space 61440K, 24% used [0x0000000083800000,0x000000008466baa8,0x0000000087400000)
 Metaspace       used 26857K, capacity 28654K, committed 28976K, reserved 1075200K
  class space    used 3437K, capacity 3767K, committed 3888K, reserved 1048576K
GC Heap History (10 events):
Event: 1.065 GC heap before
{Heap before GC invocations=2 (full 0):
 PSYoungGen      total 37888K, used 37868K [0x00000000d6800000, 0x00000000db200000, 0x0000000100000000)
  eden space 32768K, 100% used [0x00000000d6800000,0x00000000d8800000,0x00000000d8800000)
  from space 5120K, 99% used [0x00000000d8800000,0x00000000d8cfb080,0x00000000d8d00000)
  to   space 5120K, 0% used [0x00000000dad00000,0x00000000dad00000,0x00000000db200000)
 ParOldGen       total 86016K, used 255K [0x0000000083800000, 0x0000000088c00000, 0x00000000d6800000)
  object space 86016K, 0% used [0x0000000083800000,0x000000008383fd20,0x0000000088c00000)
 Metaspace       used 14183K, capacity 15270K, committed 15360K, reserved 1062912K
  class space    used 1771K, capacity 2009K, committed 2048K, reserved 1048576K
Event: 1.073 GC heap after
Heap after GC invocations=2 (full 0):
 PSYoungGen      total 70656K, used 5101K [0x00000000d6800000, 0x00000000db200000, 0x0000000100000000)
  eden space 65536K, 0% used [0x00000000d6800000,0x00000000d6800000,0x00000000da800000)
  from space 5120K, 99% used [0x00000000dad00000,0x00000000db1fb408,0x00000000db200000)
  to   space 5120K, 0% used [0x00000000da800000,0x00000000da800000,0x00000000dad00000)
 ParOldGen       total 86016K, used 1712K [0x0000000083800000, 0x0000000088c00000, 0x00000000d6800000)
  object space 86016K, 1% used [0x0000000083800000,0x00000000839ac340,0x0000000088c00000)
 Metaspace       used 14183K, capacity 15270K, committed 15360K, reserved 1062912K
  class space    used 1771K, capacity 2009K, committed 2048K, reserved 1048576K
}
Event: 1.571 GC heap before
{Heap before GC invocations=3 (full 0):
 PSYoungGen      total 70656K, used 52737K [0x00000000d6800000, 0x00000000db200000, 0x0000000100000000)
  eden space 65536K, 72% used [0x00000000d6800000,0x00000000d96850c8,0x00000000da800000)
  from space 5120K, 99% used [0x00000000dad00000,0x00000000db1fb408,0x00000000db200000)
  to   space 5120K, 0% used [0x00000000da800000,0x00000000da800000,0x00000000dad00000)
 ParOldGen       total 86016K, used 1712K [0x0000000083800000, 0x0000000088c00000, 0x00000000d6800000)
  object space 86016K, 1% used [0x0000000083800000,0x00000000839ac340,0x0000000088c00000)
 Metaspace       used 19725K, capacity 21218K, committed 21296K, reserved 1067008K
  class space    used 2563K, capacity 2845K, committed 2864K, reserved 1048576K
Event: 1.582 GC heap after
Heap after GC invocations=3 (full 0):
 PSYoungGen      total 70656K, used 5118K [0x00000000d6800000, 0x00000000db200000, 0x0000000100000000)
  eden space 65536K, 0% used [0x00000000d6800000,0x00000000d6800000,0x00000000da800000)
  from space 5120K, 99% used [0x00000000da800000,0x00000000dacffa98,0x00000000dad00000)
  to   space 5120K, 0% used [0x00000000dad00000,0x00000000dad00000,0x00000000db200000)
 ParOldGen       total 86016K, used 6341K [0x0000000083800000, 0x0000000088c00000, 0x00000000d6800000)
  object space 86016K, 7% used [0x0000000083800000,0x0000000083e31660,0x0000000088c00000)
 Metaspace       used 19725K, capacity 21218K, committed 21296K, reserved 1067008K
  class space    used 2563K, capacity 2845K, committed 2864K, reserved 1048576K
}
Event: 1.582 GC heap before
{Heap before GC invocations=4 (full 1):
 PSYoungGen      total 70656K, used 5118K [0x00000000d6800000, 0x00000000db200000, 0x0000000100000000)
  eden space 65536K, 0% used [0x00000000d6800000,0x00000000d6800000,0x00000000da800000)
  from space 5120K, 99% used [0x00000000da800000,0x00000000dacffa98,0x00000000dad00000)
  to   space 5120K, 0% used [0x00000000dad00000,0x00000000dad00000,0x00000000db200000)
 ParOldGen       total 86016K, used 6341K [0x0000000083800000, 0x0000000088c00000, 0x00000000d6800000)
  object space 86016K, 7% used [0x0000000083800000,0x0000000083e31660,0x0000000088c00000)
 Metaspace       used 19725K, capacity 21218K, committed 21296K, reserved 1067008K
  class space    used 2563K, capacity 2845K, committed 2864K, reserved 1048576K
Event: 1.602 GC heap after
Heap after GC invocations=4 (full 1):
 PSYoungGen      total 70656K, used 0K [0x00000000d6800000, 0x00000000db200000, 0x0000000100000000)
  eden space 65536K, 0% used [0x00000000d6800000,0x00000000d6800000,0x00000000da800000)
  from space 5120K, 0% used [0x00000000da800000,0x00000000da800000,0x00000000dad00000)
  to   space 5120K, 0% used [0x00000000dad00000,0x00000000dad00000,0x00000000db200000)
 ParOldGen       total 61440K, used 9500K [0x0000000083800000, 0x0000000087400000, 0x00000000d6800000)
  object space 61440K, 15% used [0x0000000083800000,0x0000000084147058,0x0000000087400000)
 Metaspace       used 19725K, capacity 21218K, committed 21296K, reserved 1067008K
  class space    used 2563K, capacity 2845K, committed 2864K, reserved 1048576K
}
Event: 2.161 GC heap before
{Heap before GC invocations=5 (full 1):
 PSYoungGen      total 70656K, used 65536K [0x00000000d6800000, 0x00000000db200000, 0x0000000100000000)
  eden space 65536K, 100% used [0x00000000d6800000,0x00000000da800000,0x00000000da800000)
  from space 5120K, 0% used [0x00000000da800000,0x00000000da800000,0x00000000dad00000)
  to   space 5120K, 0% used [0x00000000dad00000,0x00000000dad00000,0x00000000db200000)
 ParOldGen       total 61440K, used 9500K [0x0000000083800000, 0x0000000087400000, 0x00000000d6800000)
  object space 61440K, 15% used [0x0000000083800000,0x0000000084147058,0x0000000087400000)
 Metaspace       used 23809K, capacity 25432K, committed 25520K, reserved 1071104K
  class space    used 3107K, capacity 3426K, committed 3504K, reserved 1048576K
Event: 2.166 GC heap after
Heap after GC invocations=5 (full 1):
 PSYoungGen      total 70656K, used 5090K [0x00000000d6800000, 0x00000000dd500000, 0x0000000100000000)
  eden space 65536K, 0% used [0x00000000d6800000,0x00000000d6800000,0x00000000da800000)
  from space 5120K, 99% used [0x00000000dad00000,0x00000000db1f88e0,0x00000000db200000)
  to   space 5120K, 0% used [0x00000000da800000,0x00000000da800000,0x00000000dad00000)
 ParOldGen       total 61440K, used 12008K [0x0000000083800000, 0x0000000087400000, 0x00000000d6800000)
  object space 61440K, 19% used [0x0000000083800000,0x00000000843ba050,0x0000000087400000)
 Metaspace       used 23809K, capacity 25432K, committed 25520K, reserved 1071104K
  class space    used 3107K, capacity 3426K, committed 3504K, reserved 1048576K
}
Event: 2.570 GC heap before
{Heap before GC invocations=6 (full 1):
 PSYoungGen      total 70656K, used 70626K [0x00000000d6800000, 0x00000000dd500000, 0x0000000100000000)
  eden space 65536K, 100% used [0x00000000d6800000,0x00000000da800000,0x00000000da800000)
  from space 5120K, 99% used [0x00000000dad00000,0x00000000db1f88e0,0x00000000db200000)
  to   space 5120K, 0% used [0x00000000da800000,0x00000000da800000,0x00000000dad00000)
 ParOldGen       total 61440K, used 12008K [0x0000000083800000, 0x0000000087400000, 0x00000000d6800000)
  object space 61440K, 19% used [0x0000000083800000,0x00000000843ba050,0x0000000087400000)
 Metaspace       used 26280K, capacity 28024K, committed 28336K, reserved 1073152K
  class space    used 3367K, capacity 3694K, committed 3760K, reserved 1048576K
Event: 2.576 GC heap after
Heap after GC invocations=6 (full 1):
 PSYoungGen      total 70656K, used 5096K [0x00000000d6800000, 0x00000000dd500000, 0x0000000100000000)
  eden space 65536K, 0% used [0x00000000d6800000,0x00000000d6800000,0x00000000da800000)
  from space 5120K, 99% used [0x00000000da800000,0x00000000dacfa1b8,0x00000000dad00000)
  to   space 5120K, 0% used [0x00000000dad00000,0x00000000dad00000,0x00000000db200000)
 ParOldGen       total 61440K, used 14766K [0x0000000083800000, 0x0000000087400000, 0x00000000d6800000)
  object space 61440K, 24% used [0x0000000083800000,0x000000008466baa8,0x0000000087400000)
 Metaspace       used 26280K, capacity 28024K, committed 28336K, reserved 1073152K
  class space    used 3367K, capacity 3694K, committed 3760K, reserved 1048576K
}

