# JRE version: OpenJDK Runtime Environment (8.0_332-b08) (build 1.8.0_332-b08)
# Java VM: OpenJDK 64-Bit Server VM (25.332-b08 mixed mode windows-amd64 compressed oops)
Heap:
 PSYoungGen      total 70656K, used 46558K [0x00000000d6800000, 0x00000000db200000, 0x0000000100000000)
  eden space 65536K, 63% used [0x00000000d6800000,0x00000000d907d850,0x00000000da800000)
  from space 5120K, 99% used [0x00000000da800000,0x00000000dacfa0a0,0x00000000dad00000)
  to   space 5120K, 0% used [0x00000000dad00000,0x00000000dad00000,0x00000000db200000)
 ParOldGen       total 75776K, used 32553K [0x0000000083800000, 0x0000000088200000, 0x00000000d6800000)
  object space 75776K, 42% used [0x0000000083800000,0x00000000857ca5e0,0x0000000088200000)
 Metaspace       used 25761K, capacity 26472K, committed 26752K, reserved 1073152K
  class space    used 2928K, capacity 3078K, committed 3200K, reserved 1048576K
GC Heap History (10 events):
Event: 3.744 GC heap before
{Heap before GC invocations=6 (full 0):
 PSYoungGen      total 70656K, used 62028K [0x00000000d6800000, 0x00000000db200000, 0x0000000100000000)
  eden space 65536K, 86% used [0x00000000d6800000,0x00000000d9f95180,0x00000000da800000)
  from space 5120K, 99% used [0x00000000da800000,0x00000000dacfe050,0x00000000dad00000)
  to   space 5120K, 0% used [0x00000000dad00000,0x00000000dad00000,0x00000000db200000)
 ParOldGen       total 86016K, used 14610K [0x0000000083800000, 0x0000000088c00000, 0x00000000d6800000)
  object space 86016K, 16% used [0x0000000083800000,0x0000000084644b38,0x0000000088c00000)
 Metaspace       used 18050K, capacity 18452K, committed 18560K, reserved 1064960K
  class space    used 2053K, capacity 2155K, committed 2176K, reserved 1048576K
Event: 3.758 GC heap after
Heap after GC invocations=6 (full 0):
 PSYoungGen      total 70656K, used 5112K [0x00000000d6800000, 0x00000000db200000, 0x0000000100000000)
  eden space 65536K, 0% used [0x00000000d6800000,0x00000000d6800000,0x00000000da800000)
  from space 5120K, 99% used [0x00000000dad00000,0x00000000db1fe010,0x00000000db200000)
  to   space 5120K, 0% used [0x00000000da800000,0x00000000da800000,0x00000000dad00000)
 ParOldGen       total 86016K, used 25997K [0x0000000083800000, 0x0000000088c00000, 0x00000000d6800000)
  object space 86016K, 30% used [0x0000000083800000,0x0000000085163780,0x0000000088c00000)
 Metaspace       used 18050K, capacity 18452K, committed 18560K, reserved 1064960K
  class space    used 2053K, capacity 2155K, committed 2176K, reserved 1048576K
}
Event: 4.045 GC heap before
{Heap before GC invocations=7 (full 0):
 PSYoungGen      total 70656K, used 64212K [0x00000000d6800000, 0x00000000db200000, 0x0000000100000000)
  eden space 65536K, 90% used [0x00000000d6800000,0x00000000da1b71d8,0x00000000da800000)
  from space 5120K, 99% used [0x00000000dad00000,0x00000000db1fe010,0x00000000db200000)
  to   space 5120K, 0% used [0x00000000da800000,0x00000000da800000,0x00000000dad00000)
 ParOldGen       total 86016K, used 25997K [0x0000000083800000, 0x0000000088c00000, 0x00000000d6800000)
  object space 86016K, 30% used [0x0000000083800000,0x0000000085163780,0x0000000088c00000)
 Metaspace       used 20521K, capacity 21108K, committed 21248K, reserved 1069056K
  class space    used 2358K, capacity 2491K, committed 2560K, reserved 1048576K
Event: 4.061 GC heap after
Heap after GC invocations=7 (full 0):
 PSYoungGen      total 70656K, used 5088K [0x00000000d6800000, 0x00000000db200000, 0x0000000100000000)
  eden space 65536K, 0% used [0x00000000d6800000,0x00000000d6800000,0x00000000da800000)
  from space 5120K, 99% used [0x00000000da800000,0x00000000dacf8040,0x00000000dad00000)
  to   space 5120K, 0% used [0x00000000dad00000,0x00000000dad00000,0x00000000db200000)
 ParOldGen       total 86016K, used 39417K [0x0000000083800000, 0x0000000088c00000, 0x00000000d6800000)
  object space 86016K, 45% used [0x0000000083800000,0x0000000085e7e418,0x0000000088c00000)
 Metaspace       used 20521K, capacity 21108K, committed 21248K, reserved 1069056K
  class space    used 2358K, capacity 2491K, committed 2560K, reserved 1048576K
}
Event: 4.061 GC heap before
{Heap before GC invocations=8 (full 1):
 PSYoungGen      total 70656K, used 5088K [0x00000000d6800000, 0x00000000db200000, 0x0000000100000000)
  eden space 65536K, 0% used [0x00000000d6800000,0x00000000d6800000,0x00000000da800000)
  from space 5120K, 99% used [0x00000000da800000,0x00000000dacf8040,0x00000000dad00000)
  to   space 5120K, 0% used [0x00000000dad00000,0x00000000dad00000,0x00000000db200000)
 ParOldGen       total 86016K, used 39417K [0x0000000083800000, 0x0000000088c00000, 0x00000000d6800000)
  object space 86016K, 45% used [0x0000000083800000,0x0000000085e7e418,0x0000000088c00000)
 Metaspace       used 20521K, capacity 21108K, committed 21248K, reserved 1069056K
  class space    used 2358K, capacity 2491K, committed 2560K, reserved 1048576K
Event: 4.109 GC heap after
Heap after GC invocations=8 (full 1):
 PSYoungGen      total 70656K, used 0K [0x00000000d6800000, 0x00000000db200000, 0x0000000100000000)
  eden space 65536K, 0% used [0x00000000d6800000,0x00000000d6800000,0x00000000da800000)
  from space 5120K, 0% used [0x00000000da800000,0x00000000da800000,0x00000000dad00000)
  to   space 5120K, 0% used [0x00000000dad00000,0x00000000dad00000,0x00000000db200000)
 ParOldGen       total 75776K, used 18228K [0x0000000083800000, 0x0000000088200000, 0x00000000d6800000)
  object space 75776K, 24% used [0x0000000083800000,0x00000000849cd358,0x0000000088200000)
 Metaspace       used 20521K, capacity 21108K, committed 21248K, reserved 1069056K
  class space    used 2358K, capacity 2491K, committed 2560K, reserved 1048576K
}
Event: 4.857 GC heap before
{Heap before GC invocations=9 (full 1):
 PSYoungGen      total 70656K, used 65536K [0x00000000d6800000, 0x00000000db200000, 0x0000000100000000)
  eden space 65536K, 100% used [0x00000000d6800000,0x00000000da800000,0x00000000da800000)
  from space 5120K, 0% used [0x00000000da800000,0x00000000da800000,0x00000000dad00000)
  to   space 5120K, 0% used [0x00000000dad00000,0x00000000dad00000,0x00000000db200000)
 ParOldGen       total 75776K, used 18228K [0x0000000083800000, 0x0000000088200000, 0x00000000d6800000)
  object space 75776K, 24% used [0x0000000083800000,0x00000000849cd358,0x0000000088200000)
 Metaspace       used 23359K, capacity 23988K, committed 24064K, reserved 1071104K
  class space    used 2661K, capacity 2811K, committed 2816K, reserved 1048576K
Event: 4.868 GC heap after
Heap after GC invocations=9 (full 1):
 PSYoungGen      total 70656K, used 5115K [0x00000000d6800000, 0x00000000db200000, 0x0000000100000000)
  eden space 65536K, 0% used [0x00000000d6800000,0x00000000d6800000,0x00000000da800000)
  from space 5120K, 99% used [0x00000000dad00000,0x00000000db1feea0,0x00000000db200000)
  to   space 5120K, 0% used [0x00000000da800000,0x00000000da800000,0x00000000dad00000)
 ParOldGen       total 75776K, used 28717K [0x0000000083800000, 0x0000000088200000, 0x00000000d6800000)
  object space 75776K, 37% used [0x0000000083800000,0x000000008540b438,0x0000000088200000)
 Metaspace       used 23359K, capacity 23988K, committed 24064K, reserved 1071104K
  class space    used 2661K, capacity 2811K, committed 2816K, reserved 1048576K
}
Event: 5.914 GC heap before
{Heap before GC invocations=10 (full 1):
 PSYoungGen      total 70656K, used 70651K [0x00000000d6800000, 0x00000000db200000, 0x0000000100000000)
  eden space 65536K, 100% used [0x00000000d6800000,0x00000000da800000,0x00000000da800000)
  from space 5120K, 99% used [0x00000000dad00000,0x00000000db1feea0,0x00000000db200000)
  to   space 5120K, 0% used [0x00000000da800000,0x00000000da800000,0x00000000dad00000)
 ParOldGen       total 75776K, used 28717K [0x0000000083800000, 0x0000000088200000, 0x00000000d6800000)
  object space 75776K, 37% used [0x0000000083800000,0x000000008540b438,0x0000000088200000)
 Metaspace       used 25497K, capacity 26146K, committed 26368K, reserved 1073152K
  class space    used 2905K, capacity 3054K, committed 3072K, reserved 1048576K
Event: 5.924 GC heap after
Heap after GC invocations=10 (full 1):
 PSYoungGen      total 70656K, used 5096K [0x00000000d6800000, 0x00000000db200000, 0x0000000100000000)
  eden space 65536K, 0% used [0x00000000d6800000,0x00000000d6800000,0x00000000da800000)
  from space 5120K, 99% used [0x00000000da800000,0x00000000dacfa0a0,0x00000000dad00000)
  to   space 5120K, 0% used [0x00000000dad00000,0x00000000dad00000,0x00000000db200000)
 ParOldGen       total 75776K, used 32553K [0x0000000083800000, 0x0000000088200000, 0x00000000d6800000)
  object space 75776K, 42% used [0x0000000083800000,0x00000000857ca5e0,0x0000000088200000)
 Metaspace       used 25497K, capacity 26146K, committed 26368K, reserved 1073152K
  class space    used 2905K, capacity 3054K, committed 3072K, reserved 1048576K
}

